android/app/build/intermediates/manifest_merge_blame_file/release/manifest-merger-blame-release-report.txt
1<?xml version="1.0" encoding="utf-8"?>
2<manifest xmlns:android="http://schemas.android.com/apk/res/android"
3    package="com.awesomeproject"
4    android:versionCode="1"
5    android:versionName="1.0" >
6
7    <uses-sdk
8        android:minSdkVersion="16"
8-->src/main/AndroidManifest.xml
9        android:targetSdkVersion="29" />
9-->src/main/AndroidManifest.xml
10
11    <uses-permission android:name="android.permission.INTERNET" />
11-->src/main/AndroidManifest.xml:4:5-67
11-->src/main/AndroidManifest.xml:4:22-64
12    <uses-permission android:name="android.permission.WRITE_EXTERNAL_STORAGE" />
12-->[:react-native-fs] AndroidManifest.xml:11:5-81
12-->[:react-native-fs] AndroidManifest.xml:11:22-78
13
14    <application
14-->src/main/AndroidManifest.xml:6:5-33:19
15        android:name="com.awesomeproject.MainApplication"
15-->src/main/AndroidManifest.xml:7:7-38
16        android:allowBackup="false"
16-->src/main/AndroidManifest.xml:11:7-34
17        android:appComponentFactory="androidx.core.app.CoreComponentFactory"
17-->[androidx.core:core:1.1.0] AndroidManifest.xml:24:18-86
18        android:icon="@mipmap/ic_launcher"
18-->src/main/AndroidManifest.xml:9:7-41
19        android:label="@string/app_name"
19-->src/main/AndroidManifest.xml:8:7-39
20        android:roundIcon="@mipmap/ic_launcher_round"
20-->src/main/AndroidManifest.xml:10:7-52
21        android:theme="@style/AppTheme" >
21-->src/main/AndroidManifest.xml:12:7-38
22        <activity
22-->src/main/AndroidManifest.xml:13:3-21:14
23            android:name="com.awesomeproject.SplashActivity"
23-->src/main/AndroidManifest.xml:14:13-43
24            android:label="@string/app_name"
24-->src/main/AndroidManifest.xml:16:13-45
25            android:theme="@style/SplashTheme" >
25-->src/main/AndroidManifest.xml:15:13-47
26            <intent-filter>
26-->src/main/AndroidManifest.xml:17:4-20:20
27                <action android:name="android.intent.action.MAIN" />
27-->src/main/AndroidManifest.xml:18:5-57
27-->src/main/AndroidManifest.xml:18:13-54
28
29                <category android:name="android.intent.category.LAUNCHER" />
29-->src/main/AndroidManifest.xml:19:5-65
29-->src/main/AndroidManifest.xml:19:15-62
30            </intent-filter>
31        </activity>
32        <activity
32-->src/main/AndroidManifest.xml:23:3-29:11
33            android:name="com.awesomeproject.MainActivity"
33-->src/main/AndroidManifest.xml:24:11-39
34            android:configChanges="keyboard|keyboardHidden|orientation|screenSize"
34-->src/main/AndroidManifest.xml:26:11-81
35            android:exported="true"
35-->src/main/AndroidManifest.xml:28:11-34
36            android:label="@string/app_name"
36-->src/main/AndroidManifest.xml:25:11-43
37            android:windowSoftInputMode="adjustResize" />
37-->src/main/AndroidManifest.xml:27:11-53
38        <activity android:name="com.facebook.react.devsupport.DevSettingsActivity" />
38-->src/main/AndroidManifest.xml:31:3-80
38-->src/main/AndroidManifest.xml:31:13-77
39        <activity android:name="com.facebook.react.devsupport.DevSettingsActivity" />
39-->src/main/AndroidManifest.xml:31:3-80
39-->src/main/AndroidManifest.xml:31:13-77
40    </application>
41
42</manifest>